Checking preview for: /home/iori/Pictures/Wallpapers/Daveys_Wallpaper_Pack/E_B01.jpg
Preview already exists: .preview/E_B01.jpg
Checking preview for: /home/iori/Pictures/Wallpapers/Daveys_Wallpaper_Pack/E_B02.jpg
Preview already exists: .preview/E_B02.jpg
Checking preview for: /home/iori/Pictures/Wallpapers/Daveys_Wallpaper_Pack/Heal.EXE.jpg
Preview already exists: .preview/Heal.EXE.jpg
Checking preview for: /home/iori/Pictures/Wallpapers/Daveys_Wallpaper_Pack/MX_76.jpg
Preview already exists: .preview/MX_76.jpg
Checking preview for: /home/iori/Pictures/Wallpapers/Daveys_Wallpaper_Pack/P01.jpg
Preview already exists: .preview/P01.jpg
Checking preview for: /home/iori/Pictures/Wallpapers/Daveys_Wallpaper_Pack/P02.jpg
Preview already exists: .preview/P02.jpg
Checking preview for: /home/iori/Pictures/Wallpapers/Daveys_Wallpaper_Pack/P03.jpg
Preview already exists: .preview/P03.jpg
Checking preview for: /home/iori/Pictures/Wallpapers/Daveys_Wallpaper_Pack/PIONEER_Concepts_01.jpg
Preview already exists: .preview/PIONEER_Concepts_01.jpg
Checking preview for: /home/iori/Pictures/Wallpapers/Daveys_Wallpaper_Pack/PIONEER_Concepts_07.jpg
Preview already exists: .preview/PIONEER_Concepts_07.jpg
Checking preview for: /home/iori/Pictures/Wallpapers/Daveys_Wallpaper_Pack/PIONEER_SP_01.jpg
Preview already exists: .preview/PIONEER_SP_01.jpg
Checking preview for: /home/iori/Pictures/Wallpapers/Daveys_Wallpaper_Pack/PIONEER_SP_02.jpg
Preview already exists: .preview/PIONEER_SP_02.jpg
Checking preview for: /home/iori/Pictures/Wallpapers/Daveys_Wallpaper_Pack/PIONEER_SP_03.jpg
Preview already exists: .preview/PIONEER_SP_03.jpg
Checking preview for: /home/iori/Pictures/Wallpapers/Daveys_Wallpaper_Pack/PIONEER_SP_04.jpg
Preview already exists: .preview/PIONEER_SP_04.jpg
Checking preview for: /home/iori/Pictures/Wallpapers/Daveys_Wallpaper_Pack/PIONEER_SP_05.jpg
Preview already exists: .preview/PIONEER_SP_05.jpg
Checking preview for: /home/iori/Pictures/Wallpapers/Daveys_Wallpaper_Pack/RS_DELTA_01.jpg
Preview already exists: .preview/RS_DELTA_01.jpg
Checking preview for: /home/iori/Pictures/Wallpapers/Daveys_Wallpaper_Pack/RS_DELTA_02.jpg
Preview already exists: .preview/RS_DELTA_02.jpg
Checking preview for: /home/iori/Pictures/Wallpapers/Daveys_Wallpaper_Pack/RS_DELTA_04.jpg
Preview already exists: .preview/RS_DELTA_04.jpg
Checking preview for: /home/iori/Pictures/Wallpapers/Daveys_Wallpaper_Pack/SEVEN_CRD_01.jpg
Preview already exists: .preview/SEVEN_CRD_01.jpg
Checking preview for: /home/iori/Pictures/Wallpapers/Daveys_Wallpaper_Pack/SEVEN_CRD_02.jpg
Preview already exists: .preview/SEVEN_CRD_02.jpg
Checking preview for: /home/iori/Pictures/Wallpapers/Daveys_Wallpaper_Pack/SEVEN_CRD_04.jpg
Preview already exists: .preview/SEVEN_CRD_04.jpg
Checking preview for: /home/iori/Pictures/Wallpapers/Daveys_Wallpaper_Pack/SN_05_RE.jpg
Preview already exists: .preview/SN_05_RE.jpg
Checking preview for: /home/iori/Pictures/Wallpapers/Daveys_Wallpaper_Pack/Seven.jpg
Preview already exists: .preview/Seven.jpg
Checking preview for: /home/iori/Pictures/Wallpapers/Daveys_Wallpaper_Pack/Chosen_Desktop.jpg
Preview already exists: .preview/Chosen_Desktop.jpg
Checking preview for: /home/iori/Pictures/Wallpapers/Daveys_Wallpaper_Pack/Eternal_God.jpg
Preview already exists: .preview/Eternal_God.jpg
Checking preview for: /home/iori/Pictures/Wallpapers/Daveys_Wallpaper_Pack/Future_Ramen.jpg
Preview already exists: .preview/Future_Ramen.jpg
Checking preview for: /home/iori/Pictures/Wallpapers/Daveys_Wallpaper_Pack/Lost_Kids.jpg
Preview already exists: .preview/Lost_Kids.jpg
Checking preview for: /home/iori/Pictures/Wallpapers/Daveys_Wallpaper_Pack/Nira_and_Mona.jpg
Preview already exists: .preview/Nira_and_Mona.jpg
Checking preview for: /home/iori/Pictures/Wallpapers/Daveys_Wallpaper_Pack/P6_Concept.jpg
Preview already exists: .preview/P6_Concept.jpg
Checking preview for: /home/iori/Pictures/Wallpapers/Daveys_Wallpaper_Pack/Space_Boy_Darkmode.jpg
Preview already exists: .preview/Space_Boy_Darkmode.jpg
Checking preview for: /home/iori/Pictures/Wallpapers/Daveys_Wallpaper_Pack/Space_Boy.jpg
Preview already exists: .preview/Space_Boy.jpg
Checking preview for: /home/iori/Pictures/Wallpapers/Daveys_Wallpaper_Pack/Seven_Industries.jpg
Preview already exists: .preview/Seven_Industries.jpg
Checking preview for: /home/iori/Pictures/Wallpapers/Daveys_Wallpaper_Pack/Pioneer_Adventure_vol1.jpg
Preview already exists: .preview/Pioneer_Adventure_vol1.jpg
Checking preview for: /home/iori/Pictures/Wallpapers/Daveys_Wallpaper_Pack/gruvbox_Space_Boy_Darkmode.jpg
Preview already exists: .preview/gruvbox_Space_Boy_Darkmode.jpg
Checking preview for: /home/iori/Pictures/Wallpapers/Daveys_Wallpaper_Pack/gruvbox_Space_Boy.jpg
Preview already exists: .preview/gruvbox_Space_Boy.jpg
Checking preview for: /home/iori/Pictures/Wallpapers/Daveys_Wallpaper_Pack/gruvbox_SN_05_RE.jpg
Preview already exists: .preview/gruvbox_SN_05_RE.jpg
Checking preview for: /home/iori/Pictures/Wallpapers/Daveys_Wallpaper_Pack/gruvbox_Seven_Industries.jpg
Preview already exists: .preview/gruvbox_Seven_Industries.jpg
Checking preview for: /home/iori/Pictures/Wallpapers/Daveys_Wallpaper_Pack/gruvbox_SEVEN_CRD_04.jpg
Preview already exists: .preview/gruvbox_SEVEN_CRD_04.jpg
Checking preview for: /home/iori/Pictures/Wallpapers/Daveys_Wallpaper_Pack/gruvbox_SEVEN_CRD_02.jpg
Preview already exists: .preview/gruvbox_SEVEN_CRD_02.jpg
Checking preview for: /home/iori/Pictures/Wallpapers/Daveys_Wallpaper_Pack/gruvbox_SEVEN_CRD_01.jpg
Preview already exists: .preview/gruvbox_SEVEN_CRD_01.jpg
Checking preview for: /home/iori/Pictures/Wallpapers/Daveys_Wallpaper_Pack/gruvbox_Seven.jpg
Preview already exists: .preview/gruvbox_Seven.jpg
Checking preview for: /home/iori/Pictures/Wallpapers/Daveys_Wallpaper_Pack/gruvbox_RS_DELTA_04.jpg
Preview already exists: .preview/gruvbox_RS_DELTA_04.jpg
Checking preview for: /home/iori/Pictures/Wallpapers/Daveys_Wallpaper_Pack/gruvbox_RS_DELTA_02.jpg
Preview already exists: .preview/gruvbox_RS_DELTA_02.jpg
Checking preview for: /home/iori/Pictures/Wallpapers/Daveys_Wallpaper_Pack/gruvbox_RS_DELTA_01.jpg
Preview already exists: .preview/gruvbox_RS_DELTA_01.jpg
Checking preview for: /home/iori/Pictures/Wallpapers/Daveys_Wallpaper_Pack/Robotic_Friend.jpg
Preview already exists: .preview/Robotic_Friend.jpg
Checking preview for: /home/iori/Pictures/Wallpapers/Daveys_Wallpaper_Pack/gruvbox_Robotic_Friend.jpg
Preview already exists: .preview/gruvbox_Robotic_Friend.jpg
Checking preview for: /home/iori/Pictures/Wallpapers/Daveys_Wallpaper_Pack/gruvbox_PIONEER_SP_05.jpg
Preview already exists: .preview/gruvbox_PIONEER_SP_05.jpg
Checking preview for: /home/iori/Pictures/Wallpapers/Daveys_Wallpaper_Pack/gruvbox_PIONEER_SP_04.jpg
Preview already exists: .preview/gruvbox_PIONEER_SP_04.jpg
Checking preview for: /home/iori/Pictures/Wallpapers/Daveys_Wallpaper_Pack/gruvbox_PIONEER_SP_03.jpg
Preview already exists: .preview/gruvbox_PIONEER_SP_03.jpg
Checking preview for: /home/iori/Pictures/Wallpapers/Daveys_Wallpaper_Pack/gruvbox_PIONEER_SP_02.jpg
Preview already exists: .preview/gruvbox_PIONEER_SP_02.jpg
Checking preview for: /home/iori/Pictures/Wallpapers/Daveys_Wallpaper_Pack/gruvbox_PIONEER_SP_01.jpg
Preview already exists: .preview/gruvbox_PIONEER_SP_01.jpg
Checking preview for: /home/iori/Pictures/Wallpapers/Daveys_Wallpaper_Pack/gruvbox_PIONEER_Concepts_07.jpg
Preview already exists: .preview/gruvbox_PIONEER_Concepts_07.jpg
Checking preview for: /home/iori/Pictures/Wallpapers/Daveys_Wallpaper_Pack/gruvbox_PIONEER_Concepts_01.jpg
Preview already exists: .preview/gruvbox_PIONEER_Concepts_01.jpg
Checking preview for: /home/iori/Pictures/Wallpapers/Daveys_Wallpaper_Pack/gruvbox_Pioneer_Adventure_vol1.jpg
Preview already exists: .preview/gruvbox_Pioneer_Adventure_vol1.jpg
Checking preview for: /home/iori/Pictures/Wallpapers/Daveys_Wallpaper_Pack/gruvbox_P6_Concept.jpg
Preview already exists: .preview/gruvbox_P6_Concept.jpg
Checking preview for: /home/iori/Pictures/Wallpapers/Daveys_Wallpaper_Pack/gruvbox_P03.jpg
Preview already exists: .preview/gruvbox_P03.jpg
Checking preview for: /home/iori/Pictures/Wallpapers/Daveys_Wallpaper_Pack/gruvbox_P02.jpg
Preview already exists: .preview/gruvbox_P02.jpg
Checking preview for: /home/iori/Pictures/Wallpapers/Daveys_Wallpaper_Pack/gruvbox_P01.jpg
Preview already exists: .preview/gruvbox_P01.jpg
Checking preview for: /home/iori/Pictures/Wallpapers/Daveys_Wallpaper_Pack/gruvbox_Nira_and_Mona.jpg
Preview already exists: .preview/gruvbox_Nira_and_Mona.jpg
Checking preview for: /home/iori/Pictures/Wallpapers/Daveys_Wallpaper_Pack/gruvbox_MX_76.jpg
Preview already exists: .preview/gruvbox_MX_76.jpg
Checking preview for: /home/iori/Pictures/Wallpapers/Daveys_Wallpaper_Pack/gruvbox_Lost_Kids.jpg
Preview already exists: .preview/gruvbox_Lost_Kids.jpg
Checking preview for: /home/iori/Pictures/Wallpapers/Daveys_Wallpaper_Pack/gruvbox_Heal.EXE.jpg
Preview already exists: .preview/gruvbox_Heal.EXE.jpg
Checking preview for: /home/iori/Pictures/Wallpapers/Daveys_Wallpaper_Pack/gruvbox_Future_Ramen.jpg
Preview already exists: .preview/gruvbox_Future_Ramen.jpg
Checking preview for: /home/iori/Pictures/Wallpapers/Daveys_Wallpaper_Pack/gruvbox_Eternal_God.jpg
Preview already exists: .preview/gruvbox_Eternal_God.jpg
Checking preview for: /home/iori/Pictures/Wallpapers/Daveys_Wallpaper_Pack/gruvbox_E_B02.jpg
Preview already exists: .preview/gruvbox_E_B02.jpg
Checking preview for: /home/iori/Pictures/Wallpapers/Daveys_Wallpaper_Pack/gruvbox_E_B01.jpg
Preview already exists: .preview/gruvbox_E_B01.jpg
Checking preview for: /home/iori/Pictures/Wallpapers/Daveys_Wallpaper_Pack/gruvbox_Chosen_Desktop.jpg
Preview already exists: .preview/gruvbox_Chosen_Desktop.jpg
Checking preview for: /home/iori/Pictures/Wallpapers/Minimalistic/Minimalistic-0.png
Preview already exists: .preview/Minimalistic-0.png
Checking preview for: /home/iori/Pictures/Wallpapers/Minimalistic/Minimalistic-1.png
Preview already exists: .preview/Minimalistic-1.png
Checking preview for: /home/iori/Pictures/Wallpapers/Minimalistic/Minimalistic-2.png
Preview already exists: .preview/Minimalistic-2.png
Checking preview for: /home/iori/Pictures/Wallpapers/Minimalistic/Minimalistic-3.png
Preview already exists: .preview/Minimalistic-3.png
Checking preview for: /home/iori/Pictures/Wallpapers/Minimalistic/Minimalistic-4.png
Preview already exists: .preview/Minimalistic-4.png
Checking preview for: /home/iori/Pictures/Wallpapers/Minimalistic/Minimalistic-5.png
Preview already exists: .preview/Minimalistic-5.png
Checking preview for: /home/iori/Pictures/Wallpapers/Minimalistic/Minimalistic-6.png
Preview already exists: .preview/Minimalistic-6.png
Checking preview for: /home/iori/Pictures/Wallpapers/Minimalistic/Minimalistic-7.png
Preview already exists: .preview/Minimalistic-7.png
Checking preview for: /home/iori/Pictures/Wallpapers/Minimalistic/Minimalistic-8.png
Preview already exists: .preview/Minimalistic-8.png
Checking preview for: /home/iori/Pictures/Wallpapers/Minimalistic/Minimalistic-9.png
Preview already exists: .preview/Minimalistic-9.png
Checking preview for: /home/iori/Pictures/Wallpapers/Minimalistic/Minimalistic-10.png
Preview already exists: .preview/Minimalistic-10.png
Checking preview for: /home/iori/Pictures/Wallpapers/Minimalistic/Minimalistic-11.png
Preview already exists: .preview/Minimalistic-11.png
Checking preview for: /home/iori/Pictures/Wallpapers/Minimalistic/Minimalistic-12.png
Preview already exists: .preview/Minimalistic-12.png
Checking preview for: /home/iori/Pictures/Wallpapers/Minimalistic/Minimalistic-13.png
Preview already exists: .preview/Minimalistic-13.png
Checking preview for: /home/iori/Pictures/Wallpapers/Minimalistic/Minimalistic-14.png
Preview already exists: .preview/Minimalistic-14.png
Checking preview for: /home/iori/Pictures/Wallpapers/Minimalistic/Minimalistic-15.png
Preview already exists: .preview/Minimalistic-15.png
Checking preview for: /home/iori/Pictures/Wallpapers/Minimalistic/Minimalistic-16.png
Preview already exists: .preview/Minimalistic-16.png
Checking preview for: /home/iori/Pictures/Wallpapers/Minimalistic/Minimalistic-17.png
Preview already exists: .preview/Minimalistic-17.png
Checking preview for: /home/iori/Pictures/Wallpapers/Minimalistic/Minimalistic-18.png
Preview already exists: .preview/Minimalistic-18.png
Checking preview for: /home/iori/Pictures/Wallpapers/Minimalistic/Minimalistic-20.png
Preview already exists: .preview/Minimalistic-20.png
Checking preview for: /home/iori/Pictures/Wallpapers/Minimalistic/Minimalistic-19.png
Preview already exists: .preview/Minimalistic-19.png
Checking preview for: /home/iori/Pictures/Wallpapers/Minimalistic/Minimalistic-21.png
Preview already exists: .preview/Minimalistic-21.png
Checking preview for: /home/iori/Pictures/Wallpapers/Minimalistic/Minimalistic-22.png
Preview already exists: .preview/Minimalistic-22.png
Checking preview for: /home/iori/Pictures/Wallpapers/Minimalistic/Minimalistic-23.png
Preview already exists: .preview/Minimalistic-23.png
Checking preview for: /home/iori/Pictures/Wallpapers/Minimalistic/GruvBox-Factory/gruvbox_live-laugh-love.jpg
Creating preview for /home/iori/Pictures/Wallpapers/Minimalistic/GruvBox-Factory/gruvbox_live-laugh-love.jpg
Directory checked/created for .preview
Dimensions for /home/iori/Pictures/Wallpapers/Minimalistic/GruvBox-Factory/gruvbox_live-laugh-love.jpg: Width=711, Height=501
Processing file: /home/iori/Pictures/Wallpapers/Minimalistic/GruvBox-Factory/gruvbox_live-laugh-love.jpg
Preview successfully created: .preview/gruvbox_live-laugh-love.jpg
Checking preview for: /home/iori/Pictures/Wallpapers/Minimalistic/GruvBox-Factory/gruvbox_Minimalistic-0.png
Creating preview for /home/iori/Pictures/Wallpapers/Minimalistic/GruvBox-Factory/gruvbox_Minimalistic-0.png
Directory checked/created for .preview
Dimensions for /home/iori/Pictures/Wallpapers/Minimalistic/GruvBox-Factory/gruvbox_Minimalistic-0.png: Width=1920, Height=1080
Processing file: /home/iori/Pictures/Wallpapers/Minimalistic/GruvBox-Factory/gruvbox_Minimalistic-0.png
Preview successfully created: .preview/gruvbox_Minimalistic-0.png
Checking preview for: /home/iori/Pictures/Wallpapers/Minimalistic/GruvBox-Factory/gruvbox_Minimalistic-1.png
Creating preview for /home/iori/Pictures/Wallpapers/Minimalistic/GruvBox-Factory/gruvbox_Minimalistic-1.png
Directory checked/created for .preview
Dimensions for /home/iori/Pictures/Wallpapers/Minimalistic/GruvBox-Factory/gruvbox_Minimalistic-1.png: Width=1400, Height=800
Processing file: /home/iori/Pictures/Wallpapers/Minimalistic/GruvBox-Factory/gruvbox_Minimalistic-1.png
Preview successfully created: .preview/gruvbox_Minimalistic-1.png
Checking preview for: /home/iori/Pictures/Wallpapers/Minimalistic/GruvBox-Factory/gruvbox_Minimalistic-10.png
Creating preview for /home/iori/Pictures/Wallpapers/Minimalistic/GruvBox-Factory/gruvbox_Minimalistic-10.png
Directory checked/created for .preview
Dimensions for /home/iori/Pictures/Wallpapers/Minimalistic/GruvBox-Factory/gruvbox_Minimalistic-10.png: Width=3840, Height=2160
Processing file: /home/iori/Pictures/Wallpapers/Minimalistic/GruvBox-Factory/gruvbox_Minimalistic-10.png
Preview successfully created: .preview/gruvbox_Minimalistic-10.png
Checking preview for: /home/iori/Pictures/Wallpapers/Minimalistic/GruvBox-Factory/gruvbox_Minimalistic-11.png
Creating preview for /home/iori/Pictures/Wallpapers/Minimalistic/GruvBox-Factory/gruvbox_Minimalistic-11.png
Directory checked/created for .preview
Dimensions for /home/iori/Pictures/Wallpapers/Minimalistic/GruvBox-Factory/gruvbox_Minimalistic-11.png: Width=3840, Height=2160
Processing file: /home/iori/Pictures/Wallpapers/Minimalistic/GruvBox-Factory/gruvbox_Minimalistic-11.png
Preview successfully created: .preview/gruvbox_Minimalistic-11.png
Checking preview for: /home/iori/Pictures/Wallpapers/Minimalistic/GruvBox-Factory/gruvbox_Minimalistic-12.png
Creating preview for /home/iori/Pictures/Wallpapers/Minimalistic/GruvBox-Factory/gruvbox_Minimalistic-12.png
Directory checked/created for .preview
Dimensions for /home/iori/Pictures/Wallpapers/Minimalistic/GruvBox-Factory/gruvbox_Minimalistic-12.png: Width=1920, Height=1080
Processing file: /home/iori/Pictures/Wallpapers/Minimalistic/GruvBox-Factory/gruvbox_Minimalistic-12.png
Preview successfully created: .preview/gruvbox_Minimalistic-12.png
Checking preview for: /home/iori/Pictures/Wallpapers/Minimalistic/GruvBox-Factory/gruvbox_Minimalistic-13.png
Creating preview for /home/iori/Pictures/Wallpapers/Minimalistic/GruvBox-Factory/gruvbox_Minimalistic-13.png
Directory checked/created for .preview
Dimensions for /home/iori/Pictures/Wallpapers/Minimalistic/GruvBox-Factory/gruvbox_Minimalistic-13.png: Width=2560, Height=1440
Processing file: /home/iori/Pictures/Wallpapers/Minimalistic/GruvBox-Factory/gruvbox_Minimalistic-13.png
Preview successfully created: .preview/gruvbox_Minimalistic-13.png
Checking preview for: /home/iori/Pictures/Wallpapers/Minimalistic/GruvBox-Factory/gruvbox_Minimalistic-14.png
Creating preview for /home/iori/Pictures/Wallpapers/Minimalistic/GruvBox-Factory/gruvbox_Minimalistic-14.png
Directory checked/created for .preview
Dimensions for /home/iori/Pictures/Wallpapers/Minimalistic/GruvBox-Factory/gruvbox_Minimalistic-14.png: Width=1920, Height=1080
Processing file: /home/iori/Pictures/Wallpapers/Minimalistic/GruvBox-Factory/gruvbox_Minimalistic-14.png
Preview successfully created: .preview/gruvbox_Minimalistic-14.png
Checking preview for: /home/iori/Pictures/Wallpapers/Minimalistic/GruvBox-Factory/gruvbox_Minimalistic-15.png
Creating preview for /home/iori/Pictures/Wallpapers/Minimalistic/GruvBox-Factory/gruvbox_Minimalistic-15.png
Directory checked/created for .preview
Dimensions for /home/iori/Pictures/Wallpapers/Minimalistic/GruvBox-Factory/gruvbox_Minimalistic-15.png: Width=1920, Height=1080
Processing file: /home/iori/Pictures/Wallpapers/Minimalistic/GruvBox-Factory/gruvbox_Minimalistic-15.png
Preview successfully created: .preview/gruvbox_Minimalistic-15.png
Checking preview for: /home/iori/Pictures/Wallpapers/Minimalistic/GruvBox-Factory/gruvbox_Minimalistic-16.png
Creating preview for /home/iori/Pictures/Wallpapers/Minimalistic/GruvBox-Factory/gruvbox_Minimalistic-16.png
Directory checked/created for .preview
Dimensions for /home/iori/Pictures/Wallpapers/Minimalistic/GruvBox-Factory/gruvbox_Minimalistic-16.png: Width=1920, Height=1080
Processing file: /home/iori/Pictures/Wallpapers/Minimalistic/GruvBox-Factory/gruvbox_Minimalistic-16.png
Preview successfully created: .preview/gruvbox_Minimalistic-16.png
Checking preview for: /home/iori/Pictures/Wallpapers/Minimalistic/GruvBox-Factory/gruvbox_Minimalistic-17.png
Creating preview for /home/iori/Pictures/Wallpapers/Minimalistic/GruvBox-Factory/gruvbox_Minimalistic-17.png
Directory checked/created for .preview
Dimensions for /home/iori/Pictures/Wallpapers/Minimalistic/GruvBox-Factory/gruvbox_Minimalistic-17.png: Width=3840, Height=2160
Processing file: /home/iori/Pictures/Wallpapers/Minimalistic/GruvBox-Factory/gruvbox_Minimalistic-17.png
Preview successfully created: .preview/gruvbox_Minimalistic-17.png
Checking preview for: /home/iori/Pictures/Wallpapers/Minimalistic/GruvBox-Factory/gruvbox_Minimalistic-18.png
Creating preview for /home/iori/Pictures/Wallpapers/Minimalistic/GruvBox-Factory/gruvbox_Minimalistic-18.png
Directory checked/created for .preview
Dimensions for /home/iori/Pictures/Wallpapers/Minimalistic/GruvBox-Factory/gruvbox_Minimalistic-18.png: Width=3840, Height=2160
Processing file: /home/iori/Pictures/Wallpapers/Minimalistic/GruvBox-Factory/gruvbox_Minimalistic-18.png
Preview successfully created: .preview/gruvbox_Minimalistic-18.png
Checking preview for: /home/iori/Pictures/Wallpapers/Minimalistic/GruvBox-Factory/gruvbox_Minimalistic-19.png
Creating preview for /home/iori/Pictures/Wallpapers/Minimalistic/GruvBox-Factory/gruvbox_Minimalistic-19.png
Directory checked/created for .preview
Dimensions for /home/iori/Pictures/Wallpapers/Minimalistic/GruvBox-Factory/gruvbox_Minimalistic-19.png: Width=3840, Height=2160
Processing file: /home/iori/Pictures/Wallpapers/Minimalistic/GruvBox-Factory/gruvbox_Minimalistic-19.png
Preview successfully created: .preview/gruvbox_Minimalistic-19.png
Checking preview for: /home/iori/Pictures/Wallpapers/Minimalistic/GruvBox-Factory/gruvbox_Minimalistic-2.png
Creating preview for /home/iori/Pictures/Wallpapers/Minimalistic/GruvBox-Factory/gruvbox_Minimalistic-2.png
Directory checked/created for .preview
Dimensions for /home/iori/Pictures/Wallpapers/Minimalistic/GruvBox-Factory/gruvbox_Minimalistic-2.png: Width=1920, Height=1080
Processing file: /home/iori/Pictures/Wallpapers/Minimalistic/GruvBox-Factory/gruvbox_Minimalistic-2.png
Preview successfully created: .preview/gruvbox_Minimalistic-2.png
Checking preview for: /home/iori/Pictures/Wallpapers/Minimalistic/GruvBox-Factory/gruvbox_Minimalistic-20.png
Creating preview for /home/iori/Pictures/Wallpapers/Minimalistic/GruvBox-Factory/gruvbox_Minimalistic-20.png
Directory checked/created for .preview
Dimensions for /home/iori/Pictures/Wallpapers/Minimalistic/GruvBox-Factory/gruvbox_Minimalistic-20.png: Width=3840, Height=2160
Processing file: /home/iori/Pictures/Wallpapers/Minimalistic/GruvBox-Factory/gruvbox_Minimalistic-20.png
Preview successfully created: .preview/gruvbox_Minimalistic-20.png
Checking preview for: /home/iori/Pictures/Wallpapers/Minimalistic/GruvBox-Factory/gruvbox_Minimalistic-21.png
Creating preview for /home/iori/Pictures/Wallpapers/Minimalistic/GruvBox-Factory/gruvbox_Minimalistic-21.png
Directory checked/created for .preview
Dimensions for /home/iori/Pictures/Wallpapers/Minimalistic/GruvBox-Factory/gruvbox_Minimalistic-21.png: Width=2560, Height=1600
Processing file: /home/iori/Pictures/Wallpapers/Minimalistic/GruvBox-Factory/gruvbox_Minimalistic-21.png
Preview successfully created: .preview/gruvbox_Minimalistic-21.png
Checking preview for: /home/iori/Pictures/Wallpapers/Minimalistic/GruvBox-Factory/gruvbox_Minimalistic-22.png
Creating preview for /home/iori/Pictures/Wallpapers/Minimalistic/GruvBox-Factory/gruvbox_Minimalistic-22.png
Directory checked/created for .preview
Dimensions for /home/iori/Pictures/Wallpapers/Minimalistic/GruvBox-Factory/gruvbox_Minimalistic-22.png: Width=2560, Height=1600
Processing file: /home/iori/Pictures/Wallpapers/Minimalistic/GruvBox-Factory/gruvbox_Minimalistic-22.png
Preview successfully created: .preview/gruvbox_Minimalistic-22.png
Checking preview for: /home/iori/Pictures/Wallpapers/Minimalistic/GruvBox-Factory/gruvbox_Minimalistic-23.png
Creating preview for /home/iori/Pictures/Wallpapers/Minimalistic/GruvBox-Factory/gruvbox_Minimalistic-23.png
Directory checked/created for .preview
Dimensions for /home/iori/Pictures/Wallpapers/Minimalistic/GruvBox-Factory/gruvbox_Minimalistic-23.png: Width=3840, Height=2160
Processing file: /home/iori/Pictures/Wallpapers/Minimalistic/GruvBox-Factory/gruvbox_Minimalistic-23.png
Preview successfully created: .preview/gruvbox_Minimalistic-23.png
Checking preview for: /home/iori/Pictures/Wallpapers/Minimalistic/GruvBox-Factory/gruvbox_Minimalistic-3.png
Creating preview for /home/iori/Pictures/Wallpapers/Minimalistic/GruvBox-Factory/gruvbox_Minimalistic-3.png
Directory checked/created for .preview
Dimensions for /home/iori/Pictures/Wallpapers/Minimalistic/GruvBox-Factory/gruvbox_Minimalistic-3.png: Width=2560, Height=1440
Processing file: /home/iori/Pictures/Wallpapers/Minimalistic/GruvBox-Factory/gruvbox_Minimalistic-3.png
Preview successfully created: .preview/gruvbox_Minimalistic-3.png
Checking preview for: /home/iori/Pictures/Wallpapers/Minimalistic/GruvBox-Factory/gruvbox_Minimalistic-4.png
Creating preview for /home/iori/Pictures/Wallpapers/Minimalistic/GruvBox-Factory/gruvbox_Minimalistic-4.png
Directory checked/created for .preview
Dimensions for /home/iori/Pictures/Wallpapers/Minimalistic/GruvBox-Factory/gruvbox_Minimalistic-4.png: Width=2880, Height=1800
Processing file: /home/iori/Pictures/Wallpapers/Minimalistic/GruvBox-Factory/gruvbox_Minimalistic-4.png
Preview successfully created: .preview/gruvbox_Minimalistic-4.png
Checking preview for: /home/iori/Pictures/Wallpapers/Minimalistic/GruvBox-Factory/gruvbox_Minimalistic-5.png
Creating preview for /home/iori/Pictures/Wallpapers/Minimalistic/GruvBox-Factory/gruvbox_Minimalistic-5.png
Directory checked/created for .preview
Dimensions for /home/iori/Pictures/Wallpapers/Minimalistic/GruvBox-Factory/gruvbox_Minimalistic-5.png: Width=2560, Height=1440
Processing file: /home/iori/Pictures/Wallpapers/Minimalistic/GruvBox-Factory/gruvbox_Minimalistic-5.png
Preview successfully created: .preview/gruvbox_Minimalistic-5.png
Checking preview for: /home/iori/Pictures/Wallpapers/Minimalistic/GruvBox-Factory/gruvbox_Minimalistic-6.png
Creating preview for /home/iori/Pictures/Wallpapers/Minimalistic/GruvBox-Factory/gruvbox_Minimalistic-6.png
Directory checked/created for .preview
Dimensions for /home/iori/Pictures/Wallpapers/Minimalistic/GruvBox-Factory/gruvbox_Minimalistic-6.png: Width=1920, Height=1080
Processing file: /home/iori/Pictures/Wallpapers/Minimalistic/GruvBox-Factory/gruvbox_Minimalistic-6.png
Preview successfully created: .preview/gruvbox_Minimalistic-6.png
Checking preview for: /home/iori/Pictures/Wallpapers/Minimalistic/GruvBox-Factory/gruvbox_Minimalistic-7.png
Creating preview for /home/iori/Pictures/Wallpapers/Minimalistic/GruvBox-Factory/gruvbox_Minimalistic-7.png
Directory checked/created for .preview
Dimensions for /home/iori/Pictures/Wallpapers/Minimalistic/GruvBox-Factory/gruvbox_Minimalistic-7.png: Width=2880, Height=1800
Processing file: /home/iori/Pictures/Wallpapers/Minimalistic/GruvBox-Factory/gruvbox_Minimalistic-7.png
Preview successfully created: .preview/gruvbox_Minimalistic-7.png
Checking preview for: /home/iori/Pictures/Wallpapers/Minimalistic/GruvBox-Factory/gruvbox_Minimalistic-8.png
Creating preview for /home/iori/Pictures/Wallpapers/Minimalistic/GruvBox-Factory/gruvbox_Minimalistic-8.png
Directory checked/created for .preview
Dimensions for /home/iori/Pictures/Wallpapers/Minimalistic/GruvBox-Factory/gruvbox_Minimalistic-8.png: Width=1920, Height=1080
Processing file: /home/iori/Pictures/Wallpapers/Minimalistic/GruvBox-Factory/gruvbox_Minimalistic-8.png
Preview successfully created: .preview/gruvbox_Minimalistic-8.png
Checking preview for: /home/iori/Pictures/Wallpapers/Minimalistic/GruvBox-Factory/gruvbox_Minimalistic-9.png
Creating preview for /home/iori/Pictures/Wallpapers/Minimalistic/GruvBox-Factory/gruvbox_Minimalistic-9.png
Directory checked/created for .preview
Dimensions for /home/iori/Pictures/Wallpapers/Minimalistic/GruvBox-Factory/gruvbox_Minimalistic-9.png: Width=1920, Height=1080
Processing file: /home/iori/Pictures/Wallpapers/Minimalistic/GruvBox-Factory/gruvbox_Minimalistic-9.png
Preview successfully created: .preview/gruvbox_Minimalistic-9.png
Checking preview for: /home/iori/Pictures/Wallpapers/Gruvbox/sve.png
Preview already exists: .preview/sve.png
Checking preview for: /home/iori/Pictures/Wallpapers/Gruvbox/Arch.png
Preview already exists: .preview/Arch.png
Checking preview for: /home/iori/Pictures/Wallpapers/Gruvbox/solar-system-minimal.png
Preview already exists: .preview/solar-system-minimal.png
Checking preview for: /home/iori/Pictures/Wallpapers/Gruvbox/pacman-ghosts.jpg
Preview already exists: .preview/pacman-ghosts.jpg
Checking preview for: /home/iori/Pictures/Wallpapers/Gruvbox/gruvbox_spac.jpg
Preview already exists: .preview/gruvbox_spac.jpg
Checking preview for: /home/iori/Pictures/Wallpapers/Gruvbox/gruvbox_minimal_space.png
Preview already exists: .preview/gruvbox_minimal_space.png
Checking preview for: /home/iori/Pictures/Wallpapers/Gruvbox/gruvbox_grid.png
Preview already exists: .preview/gruvbox_grid.png
Checking preview for: /home/iori/Pictures/Wallpapers/Gruvbox/PJbX0MG.png
Preview already exists: .preview/PJbX0MG.png
Checking preview for: /home/iori/Pictures/Wallpapers/Gruvbox/haz-mat.png
Preview already exists: .preview/haz-mat.png
Checking preview for: /home/iori/Pictures/Wallpapers/Gruvbox/7731806.png
Preview already exists: .preview/7731806.png
Checking preview for: /home/iori/Pictures/Wallpapers/Gruvbox/gruvbox-pacman-ghosts.png
Preview already exists: .preview/gruvbox-pacman-ghosts.png
Checking preview for: /home/iori/Pictures/Wallpapers/Gruvbox/wallpaper.png
Preview already exists: .preview/wallpaper.png
Checking preview for: /home/iori/Pictures/Wallpapers/Gruvbox/gruvbox_image55.png
Preview already exists: .preview/gruvbox_image55.png
Checking preview for: /home/iori/Pictures/Wallpapers/Gruvbox/chinatown.png
Preview already exists: .preview/chinatown.png
Checking preview for: /home/iori/Pictures/Wallpapers/Gruvbox/platform.jpg
Preview already exists: .preview/platform.jpg
Checking preview for: /home/iori/Pictures/Wallpapers/Gruvbox/solar-system.jpg
Preview already exists: .preview/solar-system.jpg
Checking preview for: /home/iori/Pictures/Wallpapers/Gruvbox/gruv-sushi-streets.jpg
Preview already exists: .preview/gruv-sushi-streets.jpg
Checking preview for: /home/iori/Pictures/Wallpapers/Gruvbox/wp11058333.png
Preview already exists: .preview/wp11058333.png
Checking preview for: /home/iori/Pictures/Wallpapers/Gruvbox/qcqKfdZ.png
Preview already exists: .preview/qcqKfdZ.png
Checking preview for: /home/iori/Pictures/Wallpapers/Gruvbox/gruvb_solarsys.png
Preview already exists: .preview/gruvb_solarsys.png
Checking preview for: /home/iori/Pictures/Wallpapers/Gruvbox/finalizer.png
Preview already exists: .preview/finalizer.png
Checking preview for: /home/iori/Pictures/Wallpapers/Gruvbox/forest-foggy-misty-cloudy.jpg
Preview already exists: .preview/forest-foggy-misty-cloudy.jpg
Checking preview for: /home/iori/Pictures/Wallpapers/Gruvbox/forest-2.jpg
Preview already exists: .preview/forest-2.jpg
Checking preview for: /home/iori/Pictures/Wallpapers/Gruvbox/board.png
Preview already exists: .preview/board.png
Checking preview for: /home/iori/Pictures/Wallpapers/Gruvbox/sprouted_flowers.jpg
Preview already exists: .preview/sprouted_flowers.jpg
Checking preview for: /home/iori/Pictures/Wallpapers/Gruvbox/repair.png
Preview already exists: .preview/repair.png
Checking preview for: /home/iori/Pictures/Wallpapers/Gruvbox/gruvbox_cat-waves.png
Preview already exists: .preview/gruvbox_cat-waves.png
Checking preview for: /home/iori/Pictures/Wallpapers/Gruvbox/Gruvbox-anime/5m5kLI9.png
Creating preview for /home/iori/Pictures/Wallpapers/Gruvbox/Gruvbox-anime/5m5kLI9.png
Directory checked/created for .preview
Dimensions for /home/iori/Pictures/Wallpapers/Gruvbox/Gruvbox-anime/5m5kLI9.png: Width=1920, Height=1040
Processing file: /home/iori/Pictures/Wallpapers/Gruvbox/Gruvbox-anime/5m5kLI9.png
Preview successfully created: .preview/5m5kLI9.png
Checking preview for: /home/iori/Pictures/Wallpapers/Gruvbox/Gruvbox-anime/The-Wind-Rises.jpg
Creating preview for /home/iori/Pictures/Wallpapers/Gruvbox/Gruvbox-anime/The-Wind-Rises.jpg
Directory checked/created for .preview
Dimensions for /home/iori/Pictures/Wallpapers/Gruvbox/Gruvbox-anime/The-Wind-Rises.jpg: Width=1920, Height=1080
Processing file: /home/iori/Pictures/Wallpapers/Gruvbox/Gruvbox-anime/The-Wind-Rises.jpg
Preview successfully created: .preview/The-Wind-Rises.jpg
Checking preview for: /home/iori/Pictures/Wallpapers/Gruvbox/Gruvbox-anime/classroom.jpg
Creating preview for /home/iori/Pictures/Wallpapers/Gruvbox/Gruvbox-anime/classroom.jpg
Directory checked/created for .preview
Dimensions for /home/iori/Pictures/Wallpapers/Gruvbox/Gruvbox-anime/classroom.jpg: Width=1200, Height=585
Processing file: /home/iori/Pictures/Wallpapers/Gruvbox/Gruvbox-anime/classroom.jpg
Preview successfully created: .preview/classroom.jpg
Checking preview for: /home/iori/Pictures/Wallpapers/Gruvbox/Gruvbox-anime/ghibli-japanese-walled-garden.png
Creating preview for /home/iori/Pictures/Wallpapers/Gruvbox/Gruvbox-anime/ghibli-japanese-walled-garden.png
Directory checked/created for .preview
Dimensions for /home/iori/Pictures/Wallpapers/Gruvbox/Gruvbox-anime/ghibli-japanese-walled-garden.png: Width=1920, Height=1080
Processing file: /home/iori/Pictures/Wallpapers/Gruvbox/Gruvbox-anime/ghibli-japanese-walled-garden.png
Preview successfully created: .preview/ghibli-japanese-walled-garden.png
Checking preview for: /home/iori/Pictures/Wallpapers/Gruvbox/Gruvbox-anime/ign-waifu.png
Creating preview for /home/iori/Pictures/Wallpapers/Gruvbox/Gruvbox-anime/ign-waifu.png
Directory checked/created for .preview
Dimensions for /home/iori/Pictures/Wallpapers/Gruvbox/Gruvbox-anime/ign-waifu.png: Width=1920, Height=1080
Processing file: /home/iori/Pictures/Wallpapers/Gruvbox/Gruvbox-anime/ign-waifu.png
Preview successfully created: .preview/ign-waifu.png
Checking preview for: /home/iori/Pictures/Wallpapers/Gruvbox/Gruvbox-anime/my-neighbor-totoro-sunflowers.png
Creating preview for /home/iori/Pictures/Wallpapers/Gruvbox/Gruvbox-anime/my-neighbor-totoro-sunflowers.png
Directory checked/created for .preview
Dimensions for /home/iori/Pictures/Wallpapers/Gruvbox/Gruvbox-anime/my-neighbor-totoro-sunflowers.png: Width=1920, Height=1080
Processing file: /home/iori/Pictures/Wallpapers/Gruvbox/Gruvbox-anime/my-neighbor-totoro-sunflowers.png
Preview successfully created: .preview/my-neighbor-totoro-sunflowers.png
Checking preview for: /home/iori/Pictures/Wallpapers/Gruvbox/Gruvbox-anime/wall.jpg
Creating preview for /home/iori/Pictures/Wallpapers/Gruvbox/Gruvbox-anime/wall.jpg
Directory checked/created for .preview
Dimensions for /home/iori/Pictures/Wallpapers/Gruvbox/Gruvbox-anime/wall.jpg: Width=1920, Height=1080
Processing file: /home/iori/Pictures/Wallpapers/Gruvbox/Gruvbox-anime/wall.jpg
Preview successfully created: .preview/wall.jpg
Checking preview for: /home/iori/Pictures/Wallpapers/Gruvbox/Gruvbox-irl/Colors.png
Creating preview for /home/iori/Pictures/Wallpapers/Gruvbox/Gruvbox-irl/Colors.png
Directory checked/created for .preview
Dimensions for /home/iori/Pictures/Wallpapers/Gruvbox/Gruvbox-irl/Colors.png: Width=1920, Height=1080
Processing file: /home/iori/Pictures/Wallpapers/Gruvbox/Gruvbox-irl/Colors.png
Preview successfully created: .preview/Colors.png
Checking preview for: /home/iori/Pictures/Wallpapers/Gruvbox/Gruvbox-irl/Excl_Autumn_Leaf.jpg
Creating preview for /home/iori/Pictures/Wallpapers/Gruvbox/Gruvbox-irl/Excl_Autumn_Leaf.jpg
Directory checked/created for .preview
Dimensions for /home/iori/Pictures/Wallpapers/Gruvbox/Gruvbox-irl/Excl_Autumn_Leaf.jpg: Width=1920, Height=1280
Processing file: /home/iori/Pictures/Wallpapers/Gruvbox/Gruvbox-irl/Excl_Autumn_Leaf.jpg
Preview successfully created: .preview/Excl_Autumn_Leaf.jpg
Checking preview for: /home/iori/Pictures/Wallpapers/Gruvbox/Gruvbox-irl/YRAJQAT4Dg-avesta-rezaeizadeh-unsplash.jpg
Creating preview for /home/iori/Pictures/Wallpapers/Gruvbox/Gruvbox-irl/YRAJQAT4Dg-avesta-rezaeizadeh-unsplash.jpg
Directory checked/created for .preview
Dimensions for /home/iori/Pictures/Wallpapers/Gruvbox/Gruvbox-irl/YRAJQAT4Dg-avesta-rezaeizadeh-unsplash.jpg: Width=4000, Height=6000
Processing file: /home/iori/Pictures/Wallpapers/Gruvbox/Gruvbox-irl/YRAJQAT4Dg-avesta-rezaeizadeh-unsplash.jpg
Preview successfully created: .preview/YRAJQAT4Dg-avesta-rezaeizadeh-unsplash.jpg
Checking preview for: /home/iori/Pictures/Wallpapers/Gruvbox/Gruvbox-irl/beach.jpg
Creating preview for /home/iori/Pictures/Wallpapers/Gruvbox/Gruvbox-irl/beach.jpg
Directory checked/created for .preview
Dimensions for /home/iori/Pictures/Wallpapers/Gruvbox/Gruvbox-irl/beach.jpg: Width=1140, Height=721
Processing file: /home/iori/Pictures/Wallpapers/Gruvbox/Gruvbox-irl/beach.jpg
Preview successfully created: .preview/beach.jpg
Checking preview for: /home/iori/Pictures/Wallpapers/Gruvbox/Gruvbox-irl/berries.jpg
Creating preview for /home/iori/Pictures/Wallpapers/Gruvbox/Gruvbox-irl/berries.jpg
Directory checked/created for .preview
Dimensions for /home/iori/Pictures/Wallpapers/Gruvbox/Gruvbox-irl/berries.jpg: Width=6000, Height=4000
Processing file: /home/iori/Pictures/Wallpapers/Gruvbox/Gruvbox-irl/berries.jpg
Preview successfully created: .preview/berries.jpg
Checking preview for: /home/iori/Pictures/Wallpapers/Gruvbox/Gruvbox-irl/board.jpg
Creating preview for /home/iori/Pictures/Wallpapers/Gruvbox/Gruvbox-irl/board.jpg
Directory checked/created for .preview
Dimensions for /home/iori/Pictures/Wallpapers/Gruvbox/Gruvbox-irl/board.jpg: Width=3840, Height=2160
Processing file: /home/iori/Pictures/Wallpapers/Gruvbox/Gruvbox-irl/board.jpg
Preview successfully created: .preview/board.jpg
Checking preview for: /home/iori/Pictures/Wallpapers/Gruvbox/Gruvbox-irl/bulbs.jpg
Creating preview for /home/iori/Pictures/Wallpapers/Gruvbox/Gruvbox-irl/bulbs.jpg
Directory checked/created for .preview
Dimensions for /home/iori/Pictures/Wallpapers/Gruvbox/Gruvbox-irl/bulbs.jpg: Width=1920, Height=1080
Processing file: /home/iori/Pictures/Wallpapers/Gruvbox/Gruvbox-irl/bulbs.jpg
Preview successfully created: .preview/bulbs.jpg
Checking preview for: /home/iori/Pictures/Wallpapers/Gruvbox/Gruvbox-irl/cactus.png
Creating preview for /home/iori/Pictures/Wallpapers/Gruvbox/Gruvbox-irl/cactus.png
Directory checked/created for .preview
Dimensions for /home/iori/Pictures/Wallpapers/Gruvbox/Gruvbox-irl/cactus.png: Width=4042, Height=2695
Processing file: /home/iori/Pictures/Wallpapers/Gruvbox/Gruvbox-irl/cactus.png
Preview successfully created: .preview/cactus.png
Checking preview for: /home/iori/Pictures/Wallpapers/Gruvbox/Gruvbox-irl/camera.jpg
Creating preview for /home/iori/Pictures/Wallpapers/Gruvbox/Gruvbox-irl/camera.jpg
Directory checked/created for .preview
Dimensions for /home/iori/Pictures/Wallpapers/Gruvbox/Gruvbox-irl/camera.jpg: Width=1366, Height=768
Processing file: /home/iori/Pictures/Wallpapers/Gruvbox/Gruvbox-irl/camera.jpg
Preview successfully created: .preview/camera.jpg
Checking preview for: /home/iori/Pictures/Wallpapers/Gruvbox/Gruvbox-irl/coffee-cup.jpg
Creating preview for /home/iori/Pictures/Wallpapers/Gruvbox/Gruvbox-irl/coffee-cup.jpg
Directory checked/created for .preview
Dimensions for /home/iori/Pictures/Wallpapers/Gruvbox/Gruvbox-irl/coffee-cup.jpg: Width=3984, Height=2656
Processing file: /home/iori/Pictures/Wallpapers/Gruvbox/Gruvbox-irl/coffee-cup.jpg
Preview successfully created: .preview/coffee-cup.jpg
Checking preview for: /home/iori/Pictures/Wallpapers/Gruvbox/Gruvbox-irl/coffee-green.jpg
Creating preview for /home/iori/Pictures/Wallpapers/Gruvbox/Gruvbox-irl/coffee-green.jpg
Directory checked/created for .preview
Dimensions for /home/iori/Pictures/Wallpapers/Gruvbox/Gruvbox-irl/coffee-green.jpg: Width=5373, Height=3582
Processing file: /home/iori/Pictures/Wallpapers/Gruvbox/Gruvbox-irl/coffee-green.jpg
Preview successfully created: .preview/coffee-green.jpg
Checking preview for: /home/iori/Pictures/Wallpapers/Gruvbox/Gruvbox-irl/comfy-room.jpg
Creating preview for /home/iori/Pictures/Wallpapers/Gruvbox/Gruvbox-irl/comfy-room.jpg
Directory checked/created for .preview
Dimensions for /home/iori/Pictures/Wallpapers/Gruvbox/Gruvbox-irl/comfy-room.jpg: Width=3840, Height=1646
Processing file: /home/iori/Pictures/Wallpapers/Gruvbox/Gruvbox-irl/comfy-room.jpg
Preview successfully created: .preview/comfy-room.jpg
Checking preview for: /home/iori/Pictures/Wallpapers/Gruvbox/Gruvbox-irl/ferns-green.jpg
Creating preview for /home/iori/Pictures/Wallpapers/Gruvbox/Gruvbox-irl/ferns-green.jpg
Directory checked/created for .preview
Dimensions for /home/iori/Pictures/Wallpapers/Gruvbox/Gruvbox-irl/ferns-green.jpg: Width=3840, Height=2160
Processing file: /home/iori/Pictures/Wallpapers/Gruvbox/Gruvbox-irl/ferns-green.jpg
Preview successfully created: .preview/ferns-green.jpg
Checking preview for: /home/iori/Pictures/Wallpapers/Gruvbox/Gruvbox-irl/flower-1.jpg
Creating preview for /home/iori/Pictures/Wallpapers/Gruvbox/Gruvbox-irl/flower-1.jpg
Directory checked/created for .preview
Dimensions for /home/iori/Pictures/Wallpapers/Gruvbox/Gruvbox-irl/flower-1.jpg: Width=5184, Height=3456
Processing file: /home/iori/Pictures/Wallpapers/Gruvbox/Gruvbox-irl/flower-1.jpg
Preview successfully created: .preview/flower-1.jpg
Checking preview for: /home/iori/Pictures/Wallpapers/Gruvbox/Gruvbox-irl/flowers-2.jpg
Creating preview for /home/iori/Pictures/Wallpapers/Gruvbox/Gruvbox-irl/flowers-2.jpg
Directory checked/created for .preview
Dimensions for /home/iori/Pictures/Wallpapers/Gruvbox/Gruvbox-irl/flowers-2.jpg: Width=3840, Height=2160
Processing file: /home/iori/Pictures/Wallpapers/Gruvbox/Gruvbox-irl/flowers-2.jpg
Preview successfully created: .preview/flowers-2.jpg
Checking preview for: /home/iori/Pictures/Wallpapers/Gruvbox/Gruvbox-irl/flowers.jpg
Creating preview for /home/iori/Pictures/Wallpapers/Gruvbox/Gruvbox-irl/flowers.jpg
Directory checked/created for .preview
Dimensions for /home/iori/Pictures/Wallpapers/Gruvbox/Gruvbox-irl/flowers.jpg: Width=3707, Height=2734
Processing file: /home/iori/Pictures/Wallpapers/Gruvbox/Gruvbox-irl/flowers.jpg
Preview successfully created: .preview/flowers.jpg
Checking preview for: /home/iori/Pictures/Wallpapers/Gruvbox/Gruvbox-irl/fly_agaric_mushroom_fall_foliage_117318_1920x1080.jpg
Creating preview for /home/iori/Pictures/Wallpapers/Gruvbox/Gruvbox-irl/fly_agaric_mushroom_fall_foliage_117318_1920x1080.jpg
Directory checked/created for .preview
Dimensions for /home/iori/Pictures/Wallpapers/Gruvbox/Gruvbox-irl/fly_agaric_mushroom_fall_foliage_117318_1920x1080.jpg: Width=1920, Height=1080
Processing file: /home/iori/Pictures/Wallpapers/Gruvbox/Gruvbox-irl/fly_agaric_mushroom_fall_foliage_117318_1920x1080.jpg
Preview successfully created: .preview/fly_agaric_mushroom_fall_foliage_117318_1920x1080.jpg
Checking preview for: /home/iori/Pictures/Wallpapers/Gruvbox/Gruvbox-irl/forest-2.jpg
Preview already exists: .preview/forest-2.jpg
Checking preview for: /home/iori/Pictures/Wallpapers/Gruvbox/Gruvbox-irl/forest-3.jpg
Creating preview for /home/iori/Pictures/Wallpapers/Gruvbox/Gruvbox-irl/forest-3.jpg
Directory checked/created for .preview
Dimensions for /home/iori/Pictures/Wallpapers/Gruvbox/Gruvbox-irl/forest-3.jpg: Width=6000, Height=4000
Processing file: /home/iori/Pictures/Wallpapers/Gruvbox/Gruvbox-irl/forest-3.jpg
Preview successfully created: .preview/forest-3.jpg
Checking preview for: /home/iori/Pictures/Wallpapers/Gruvbox/Gruvbox-irl/forest-foggy-misty-cloudy.png
Creating preview for /home/iori/Pictures/Wallpapers/Gruvbox/Gruvbox-irl/forest-foggy-misty-cloudy.png
Directory checked/created for .preview
Dimensions for /home/iori/Pictures/Wallpapers/Gruvbox/Gruvbox-irl/forest-foggy-misty-cloudy.png: Width=6012, Height=3382
Processing file: /home/iori/Pictures/Wallpapers/Gruvbox/Gruvbox-irl/forest-foggy-misty-cloudy.png
Preview successfully created: .preview/forest-foggy-misty-cloudy.png
Checking preview for: /home/iori/Pictures/Wallpapers/Gruvbox/Gruvbox-irl/forest-moss.png
Creating preview for /home/iori/Pictures/Wallpapers/Gruvbox/Gruvbox-irl/forest-moss.png
Directory checked/created for .preview
Dimensions for /home/iori/Pictures/Wallpapers/Gruvbox/Gruvbox-irl/forest-moss.png: Width=3837, Height=2159
Processing file: /home/iori/Pictures/Wallpapers/Gruvbox/Gruvbox-irl/forest-moss.png
Preview successfully created: .preview/forest-moss.png
Checking preview for: /home/iori/Pictures/Wallpapers/Gruvbox/Gruvbox-irl/forest-mountain-cloudy-valley.png
Creating preview for /home/iori/Pictures/Wallpapers/Gruvbox/Gruvbox-irl/forest-mountain-cloudy-valley.png
Directory checked/created for .preview
Dimensions for /home/iori/Pictures/Wallpapers/Gruvbox/Gruvbox-irl/forest-mountain-cloudy-valley.png: Width=1920, Height=1080
Processing file: /home/iori/Pictures/Wallpapers/Gruvbox/Gruvbox-irl/forest-mountain-cloudy-valley.png
Preview successfully created: .preview/forest-mountain-cloudy-valley.png
Checking preview for: /home/iori/Pictures/Wallpapers/Gruvbox/Gruvbox-irl/forest-river.jpg
Creating preview for /home/iori/Pictures/Wallpapers/Gruvbox/Gruvbox-irl/forest-river.jpg
Directory checked/created for .preview
Dimensions for /home/iori/Pictures/Wallpapers/Gruvbox/Gruvbox-irl/forest-river.jpg: Width=2048, Height=1365
Processing file: /home/iori/Pictures/Wallpapers/Gruvbox/Gruvbox-irl/forest-river.jpg
Preview successfully created: .preview/forest-river.jpg
Checking preview for: /home/iori/Pictures/Wallpapers/Gruvbox/Gruvbox-irl/forest.jpg
Creating preview for /home/iori/Pictures/Wallpapers/Gruvbox/Gruvbox-irl/forest.jpg
Directory checked/created for .preview
Dimensions for /home/iori/Pictures/Wallpapers/Gruvbox/Gruvbox-irl/forest.jpg: Width=3840, Height=2160
Processing file: /home/iori/Pictures/Wallpapers/Gruvbox/Gruvbox-irl/forest.jpg
Preview successfully created: .preview/forest.jpg
Checking preview for: /home/iori/Pictures/Wallpapers/Gruvbox/Gruvbox-irl/girl.jpg
Creating preview for /home/iori/Pictures/Wallpapers/Gruvbox/Gruvbox-irl/girl.jpg
Directory checked/created for .preview
Dimensions for /home/iori/Pictures/Wallpapers/Gruvbox/Gruvbox-irl/girl.jpg: Width=1280, Height=800
Processing file: /home/iori/Pictures/Wallpapers/Gruvbox/Gruvbox-irl/girl.jpg
Preview successfully created: .preview/girl.jpg
Checking preview for: /home/iori/Pictures/Wallpapers/Gruvbox/Gruvbox-irl/gruvbox-forest.jpg
Creating preview for /home/iori/Pictures/Wallpapers/Gruvbox/Gruvbox-irl/gruvbox-forest.jpg
Directory checked/created for .preview
Dimensions for /home/iori/Pictures/Wallpapers/Gruvbox/Gruvbox-irl/gruvbox-forest.jpg: Width=5184, Height=3456
Processing file: /home/iori/Pictures/Wallpapers/Gruvbox/Gruvbox-irl/gruvbox-forest.jpg
Preview successfully created: .preview/gruvbox-forest.jpg
Checking preview for: /home/iori/Pictures/Wallpapers/Gruvbox/Gruvbox-irl/house.jpg
Creating preview for /home/iori/Pictures/Wallpapers/Gruvbox/Gruvbox-irl/house.jpg
Directory checked/created for .preview
Dimensions for /home/iori/Pictures/Wallpapers/Gruvbox/Gruvbox-irl/house.jpg: Width=533, Height=800
Processing file: /home/iori/Pictures/Wallpapers/Gruvbox/Gruvbox-irl/house.jpg
Preview successfully created: .preview/house.jpg
Checking preview for: /home/iori/Pictures/Wallpapers/Gruvbox/Gruvbox-irl/houseonthesideofalake.jpg
Creating preview for /home/iori/Pictures/Wallpapers/Gruvbox/Gruvbox-irl/houseonthesideofalake.jpg
Directory checked/created for .preview
Dimensions for /home/iori/Pictures/Wallpapers/Gruvbox/Gruvbox-irl/houseonthesideofalake.jpg: Width=5967, Height=3978
Processing file: /home/iori/Pictures/Wallpapers/Gruvbox/Gruvbox-irl/houseonthesideofalake.jpg
Preview successfully created: .preview/houseonthesideofalake.jpg
Checking preview for: /home/iori/Pictures/Wallpapers/Gruvbox/Gruvbox-irl/lantern.jpg
Creating preview for /home/iori/Pictures/Wallpapers/Gruvbox/Gruvbox-irl/lantern.jpg
Directory checked/created for .preview
Dimensions for /home/iori/Pictures/Wallpapers/Gruvbox/Gruvbox-irl/lantern.jpg: Width=1920, Height=1080
Processing file: /home/iori/Pictures/Wallpapers/Gruvbox/Gruvbox-irl/lantern.jpg
Preview successfully created: .preview/lantern.jpg
Checking preview for: /home/iori/Pictures/Wallpapers/Gruvbox/Gruvbox-irl/leaves-2.jpg
Creating preview for /home/iori/Pictures/Wallpapers/Gruvbox/Gruvbox-irl/leaves-2.jpg
Directory checked/created for .preview
Dimensions for /home/iori/Pictures/Wallpapers/Gruvbox/Gruvbox-irl/leaves-2.jpg: Width=1920, Height=1080
Processing file: /home/iori/Pictures/Wallpapers/Gruvbox/Gruvbox-irl/leaves-2.jpg
Preview successfully created: .preview/leaves-2.jpg
Checking preview for: /home/iori/Pictures/Wallpapers/Gruvbox/Gruvbox-irl/leaves-wall.png
Creating preview for /home/iori/Pictures/Wallpapers/Gruvbox/Gruvbox-irl/leaves-wall.png
Directory checked/created for .preview
Dimensions for /home/iori/Pictures/Wallpapers/Gruvbox/Gruvbox-irl/leaves-wall.png: Width=1920, Height=1080
Processing file: /home/iori/Pictures/Wallpapers/Gruvbox/Gruvbox-irl/leaves-wall.png
Preview successfully created: .preview/leaves-wall.png
Checking preview for: /home/iori/Pictures/Wallpapers/Gruvbox/Gruvbox-irl/leaves.jpg
Creating preview for /home/iori/Pictures/Wallpapers/Gruvbox/Gruvbox-irl/leaves.jpg
Directory checked/created for .preview
Dimensions for /home/iori/Pictures/Wallpapers/Gruvbox/Gruvbox-irl/leaves.jpg: Width=5184, Height=3456
Processing file: /home/iori/Pictures/Wallpapers/Gruvbox/Gruvbox-irl/leaves.jpg
Preview successfully created: .preview/leaves.jpg
Checking preview for: /home/iori/Pictures/Wallpapers/Gruvbox/Gruvbox-irl/marketplace.jpg
Creating preview for /home/iori/Pictures/Wallpapers/Gruvbox/Gruvbox-irl/marketplace.jpg
Directory checked/created for .preview
Dimensions for /home/iori/Pictures/Wallpapers/Gruvbox/Gruvbox-irl/marketplace.jpg: Width=1366, Height=768
Processing file: /home/iori/Pictures/Wallpapers/Gruvbox/Gruvbox-irl/marketplace.jpg
Preview successfully created: .preview/marketplace.jpg
Checking preview for: /home/iori/Pictures/Wallpapers/Gruvbox/Gruvbox-irl/mate-2.jpg
Creating preview for /home/iori/Pictures/Wallpapers/Gruvbox/Gruvbox-irl/mate-2.jpg
Directory checked/created for .preview
Dimensions for /home/iori/Pictures/Wallpapers/Gruvbox/Gruvbox-irl/mate-2.jpg: Width=1920, Height=1080
Processing file: /home/iori/Pictures/Wallpapers/Gruvbox/Gruvbox-irl/mate-2.jpg
Preview successfully created: .preview/mate-2.jpg
Checking preview for: /home/iori/Pictures/Wallpapers/Gruvbox/Gruvbox-irl/mate-3.jpg
Creating preview for /home/iori/Pictures/Wallpapers/Gruvbox/Gruvbox-irl/mate-3.jpg
Directory checked/created for .preview
Dimensions for /home/iori/Pictures/Wallpapers/Gruvbox/Gruvbox-irl/mate-3.jpg: Width=5184, Height=3456
Processing file: /home/iori/Pictures/Wallpapers/Gruvbox/Gruvbox-irl/mate-3.jpg
Preview successfully created: .preview/mate-3.jpg
Checking preview for: /home/iori/Pictures/Wallpapers/Gruvbox/Gruvbox-irl/mountains2.jpg
Creating preview for /home/iori/Pictures/Wallpapers/Gruvbox/Gruvbox-irl/mountains2.jpg
Directory checked/created for .preview
Dimensions for /home/iori/Pictures/Wallpapers/Gruvbox/Gruvbox-irl/mountains2.jpg: Width=5954, Height=3969
Processing file: /home/iori/Pictures/Wallpapers/Gruvbox/Gruvbox-irl/mountains2.jpg
Preview successfully created: .preview/mountains2.jpg
Checking preview for: /home/iori/Pictures/Wallpapers/Gruvbox/Gruvbox-irl/not-so-gruv-city.jpg
Creating preview for /home/iori/Pictures/Wallpapers/Gruvbox/Gruvbox-irl/not-so-gruv-city.jpg
Directory checked/created for .preview
Dimensions for /home/iori/Pictures/Wallpapers/Gruvbox/Gruvbox-irl/not-so-gruv-city.jpg: Width=5914, Height=3998
Processing file: /home/iori/Pictures/Wallpapers/Gruvbox/Gruvbox-irl/not-so-gruv-city.jpg
Preview successfully created: .preview/not-so-gruv-city.jpg
Checking preview for: /home/iori/Pictures/Wallpapers/Gruvbox/Gruvbox-irl/rails.jpg
Creating preview for /home/iori/Pictures/Wallpapers/Gruvbox/Gruvbox-irl/rails.jpg
Directory checked/created for .preview
Dimensions for /home/iori/Pictures/Wallpapers/Gruvbox/Gruvbox-irl/rails.jpg: Width=1920, Height=1080
Processing file: /home/iori/Pictures/Wallpapers/Gruvbox/Gruvbox-irl/rails.jpg
Preview successfully created: .preview/rails.jpg
Checking preview for: /home/iori/Pictures/Wallpapers/Gruvbox/Gruvbox-irl/rain.jpg
Creating preview for /home/iori/Pictures/Wallpapers/Gruvbox/Gruvbox-irl/rain.jpg
Directory checked/created for .preview
Dimensions for /home/iori/Pictures/Wallpapers/Gruvbox/Gruvbox-irl/rain.jpg: Width=2560, Height=1440
Processing file: /home/iori/Pictures/Wallpapers/Gruvbox/Gruvbox-irl/rain.jpg
Preview successfully created: .preview/rain.jpg
Checking preview for: /home/iori/Pictures/Wallpapers/Gruvbox/Gruvbox-irl/rose.jpg
Creating preview for /home/iori/Pictures/Wallpapers/Gruvbox/Gruvbox-irl/rose.jpg
Directory checked/created for .preview
Dimensions for /home/iori/Pictures/Wallpapers/Gruvbox/Gruvbox-irl/rose.jpg: Width=5090, Height=3802
Processing file: /home/iori/Pictures/Wallpapers/Gruvbox/Gruvbox-irl/rose.jpg
Preview successfully created: .preview/rose.jpg
Checking preview for: /home/iori/Pictures/Wallpapers/Gruvbox/Gruvbox-irl/rose01.jpg
Creating preview for /home/iori/Pictures/Wallpapers/Gruvbox/Gruvbox-irl/rose01.jpg
Directory checked/created for .preview
Dimensions for /home/iori/Pictures/Wallpapers/Gruvbox/Gruvbox-irl/rose01.jpg: Width=3840, Height=2155
Processing file: /home/iori/Pictures/Wallpapers/Gruvbox/Gruvbox-irl/rose01.jpg
Preview successfully created: .preview/rose01.jpg
Checking preview for: /home/iori/Pictures/Wallpapers/Gruvbox/Gruvbox-irl/staircase.jpg
Creating preview for /home/iori/Pictures/Wallpapers/Gruvbox/Gruvbox-irl/staircase.jpg
Directory checked/created for .preview
Dimensions for /home/iori/Pictures/Wallpapers/Gruvbox/Gruvbox-irl/staircase.jpg: Width=6000, Height=4000
Processing file: /home/iori/Pictures/Wallpapers/Gruvbox/Gruvbox-irl/staircase.jpg
Preview successfully created: .preview/staircase.jpg
Checking preview for: /home/iori/Pictures/Wallpapers/Gruvbox/Gruvbox-irl/stairs.jpg
Creating preview for /home/iori/Pictures/Wallpapers/Gruvbox/Gruvbox-irl/stairs.jpg
Directory checked/created for .preview
Dimensions for /home/iori/Pictures/Wallpapers/Gruvbox/Gruvbox-irl/stairs.jpg: Width=2560, Height=1440
Processing file: /home/iori/Pictures/Wallpapers/Gruvbox/Gruvbox-irl/stairs.jpg
Preview successfully created: .preview/stairs.jpg
Checking preview for: /home/iori/Pictures/Wallpapers/Gruvbox/Gruvbox-irl/street.jpg
Creating preview for /home/iori/Pictures/Wallpapers/Gruvbox/Gruvbox-irl/street.jpg
Directory checked/created for .preview
Dimensions for /home/iori/Pictures/Wallpapers/Gruvbox/Gruvbox-irl/street.jpg: Width=3791, Height=3024
Processing file: /home/iori/Pictures/Wallpapers/Gruvbox/Gruvbox-irl/street.jpg
Preview successfully created: .preview/street.jpg
Checking preview for: /home/iori/Pictures/Wallpapers/Gruvbox/Gruvbox-irl/sunforest.jpg
Creating preview for /home/iori/Pictures/Wallpapers/Gruvbox/Gruvbox-irl/sunforest.jpg
Directory checked/created for .preview
Dimensions for /home/iori/Pictures/Wallpapers/Gruvbox/Gruvbox-irl/sunforest.jpg: Width=4896, Height=3264
Processing file: /home/iori/Pictures/Wallpapers/Gruvbox/Gruvbox-irl/sunforest.jpg
Preview successfully created: .preview/sunforest.jpg
Checking preview for: /home/iori/Pictures/Wallpapers/Gruvbox/Gruvbox-irl/woods.jpg
Creating preview for /home/iori/Pictures/Wallpapers/Gruvbox/Gruvbox-irl/woods.jpg
Directory checked/created for .preview
Dimensions for /home/iori/Pictures/Wallpapers/Gruvbox/Gruvbox-irl/woods.jpg: Width=4096, Height=2731
Processing file: /home/iori/Pictures/Wallpapers/Gruvbox/Gruvbox-irl/woods.jpg
Preview successfully created: .preview/woods.jpg
Checking preview for: /home/iori/Pictures/Wallpapers/Gruvbox/Gruvbox-light/8207838.png
Creating preview for /home/iori/Pictures/Wallpapers/Gruvbox/Gruvbox-light/8207838.png
Directory checked/created for .preview
Dimensions for /home/iori/Pictures/Wallpapers/Gruvbox/Gruvbox-light/8207838.png: Width=1920, Height=1080
Processing file: /home/iori/Pictures/Wallpapers/Gruvbox/Gruvbox-light/8207838.png
Preview successfully created: .preview/8207838.png
Checking preview for: /home/iori/Pictures/Wallpapers/Gruvbox/Gruvbox-light/Demon Child.png
Creating preview for /home/iori/Pictures/Wallpapers/Gruvbox/Gruvbox-light/Demon Child.png
Directory checked/created for .preview
Dimensions for /home/iori/Pictures/Wallpapers/Gruvbox/Gruvbox-light/Demon Child.png: Width=2560, Height=1600
Processing file: /home/iori/Pictures/Wallpapers/Gruvbox/Gruvbox-light/Demon Child.png
Preview successfully created: .preview/Demon Child.png
Checking preview for: /home/iori/Pictures/Wallpapers/Gruvbox/Gruvbox-light/Knights.png
Creating preview for /home/iori/Pictures/Wallpapers/Gruvbox/Gruvbox-light/Knights.png
Directory checked/created for .preview
Dimensions for /home/iori/Pictures/Wallpapers/Gruvbox/Gruvbox-light/Knights.png: Width=2560, Height=1440
Processing file: /home/iori/Pictures/Wallpapers/Gruvbox/Gruvbox-light/Knights.png
Preview successfully created: .preview/Knights.png
Checking preview for: /home/iori/Pictures/Wallpapers/Gruvbox/Gruvbox-light/Kojiro.png
Creating preview for /home/iori/Pictures/Wallpapers/Gruvbox/Gruvbox-light/Kojiro.png
Directory checked/created for .preview
Dimensions for /home/iori/Pictures/Wallpapers/Gruvbox/Gruvbox-light/Kojiro.png: Width=2086, Height=1567
Processing file: /home/iori/Pictures/Wallpapers/Gruvbox/Gruvbox-light/Kojiro.png
Preview successfully created: .preview/Kojiro.png
Checking preview for: /home/iori/Pictures/Wallpapers/Gruvbox/Gruvbox-light/Pages.png
Creating preview for /home/iori/Pictures/Wallpapers/Gruvbox/Gruvbox-light/Pages.png
Directory checked/created for .preview
Dimensions for /home/iori/Pictures/Wallpapers/Gruvbox/Gruvbox-light/Pages.png: Width=2560, Height=1600
Processing file: /home/iori/Pictures/Wallpapers/Gruvbox/Gruvbox-light/Pages.png
Preview successfully created: .preview/Pages.png
Checking preview for: /home/iori/Pictures/Wallpapers/Gruvbox/Gruvbox-light/Sif.png
Creating preview for /home/iori/Pictures/Wallpapers/Gruvbox/Gruvbox-light/Sif.png
Directory checked/created for .preview
Dimensions for /home/iori/Pictures/Wallpapers/Gruvbox/Gruvbox-light/Sif.png: Width=2560, Height=1440
Processing file: /home/iori/Pictures/Wallpapers/Gruvbox/Gruvbox-light/Sif.png
Preview successfully created: .preview/Sif.png
Checking preview for: /home/iori/Pictures/Wallpapers/Gruvbox/Gruvbox-light/Tranquility.png
Creating preview for /home/iori/Pictures/Wallpapers/Gruvbox/Gruvbox-light/Tranquility.png
Directory checked/created for .preview
Dimensions for /home/iori/Pictures/Wallpapers/Gruvbox/Gruvbox-light/Tranquility.png: Width=2430, Height=1600
Processing file: /home/iori/Pictures/Wallpapers/Gruvbox/Gruvbox-light/Tranquility.png
Preview successfully created: .preview/Tranquility.png
Checking preview for: /home/iori/Pictures/Wallpapers/Gruvbox/Gruvbox-light/bird.jpg
Creating preview for /home/iori/Pictures/Wallpapers/Gruvbox/Gruvbox-light/bird.jpg
Directory checked/created for .preview
Dimensions for /home/iori/Pictures/Wallpapers/Gruvbox/Gruvbox-light/bird.jpg: Width=1920, Height=1080
Processing file: /home/iori/Pictures/Wallpapers/Gruvbox/Gruvbox-light/bird.jpg
Preview successfully created: .preview/bird.jpg
Checking preview for: /home/iori/Pictures/Wallpapers/Gruvbox/Gruvbox-light/cat-coffee.png
Creating preview for /home/iori/Pictures/Wallpapers/Gruvbox/Gruvbox-light/cat-coffee.png
Directory checked/created for .preview
Dimensions for /home/iori/Pictures/Wallpapers/Gruvbox/Gruvbox-light/cat-coffee.png: Width=2560, Height=1080
Processing file: /home/iori/Pictures/Wallpapers/Gruvbox/Gruvbox-light/cat-coffee.png
Preview successfully created: .preview/cat-coffee.png
Checking preview for: /home/iori/Pictures/Wallpapers/Gruvbox/Gruvbox-light/chinese-hills.jpg
Creating preview for /home/iori/Pictures/Wallpapers/Gruvbox/Gruvbox-light/chinese-hills.jpg
Directory checked/created for .preview
Dimensions for /home/iori/Pictures/Wallpapers/Gruvbox/Gruvbox-light/chinese-hills.jpg: Width=1919, Height=972
Processing file: /home/iori/Pictures/Wallpapers/Gruvbox/Gruvbox-light/chinese-hills.jpg
Preview successfully created: .preview/chinese-hills.jpg
Checking preview for: /home/iori/Pictures/Wallpapers/Gruvbox/Gruvbox-light/code_blocks_light.png
Creating preview for /home/iori/Pictures/Wallpapers/Gruvbox/Gruvbox-light/code_blocks_light.png
Directory checked/created for .preview
Dimensions for /home/iori/Pictures/Wallpapers/Gruvbox/Gruvbox-light/code_blocks_light.png: Width=1280, Height=720
Processing file: /home/iori/Pictures/Wallpapers/Gruvbox/Gruvbox-light/code_blocks_light.png
Preview successfully created: .preview/code_blocks_light.png
Checking preview for: /home/iori/Pictures/Wallpapers/Gruvbox/Gruvbox-light/gojira.jpg
Creating preview for /home/iori/Pictures/Wallpapers/Gruvbox/Gruvbox-light/gojira.jpg
Directory checked/created for .preview
Dimensions for /home/iori/Pictures/Wallpapers/Gruvbox/Gruvbox-light/gojira.jpg: Width=2222, Height=1392
Processing file: /home/iori/Pictures/Wallpapers/Gruvbox/Gruvbox-light/gojira.jpg
Preview successfully created: .preview/gojira.jpg
Checking preview for: /home/iori/Pictures/Wallpapers/Gruvbox/Gruvbox-light/gruv-buildings.png
Creating preview for /home/iori/Pictures/Wallpapers/Gruvbox/Gruvbox-light/gruv-buildings.png
Directory checked/created for .preview
Dimensions for /home/iori/Pictures/Wallpapers/Gruvbox/Gruvbox-light/gruv-buildings.png: Width=2500, Height=1406
Processing file: /home/iori/Pictures/Wallpapers/Gruvbox/Gruvbox-light/gruv-buildings.png
Preview successfully created: .preview/gruv-buildings.png
Checking preview for: /home/iori/Pictures/Wallpapers/Gruvbox/Gruvbox-light/gruvbox_light_linux.png
Creating preview for /home/iori/Pictures/Wallpapers/Gruvbox/Gruvbox-light/gruvbox_light_linux.png
Directory checked/created for .preview
Dimensions for /home/iori/Pictures/Wallpapers/Gruvbox/Gruvbox-light/gruvbox_light_linux.png: Width=2560, Height=1440
Processing file: /home/iori/Pictures/Wallpapers/Gruvbox/Gruvbox-light/gruvbox_light_linux.png
Preview successfully created: .preview/gruvbox_light_linux.png
Checking preview for: /home/iori/Pictures/Wallpapers/Gruvbox/Gruvbox-Minimalistic/ALLqk82.png
Creating preview for /home/iori/Pictures/Wallpapers/Gruvbox/Gruvbox-Minimalistic/ALLqk82.png
Directory checked/created for .preview
Dimensions for /home/iori/Pictures/Wallpapers/Gruvbox/Gruvbox-Minimalistic/ALLqk82.png: Width=1920, Height=1080
Processing file: /home/iori/Pictures/Wallpapers/Gruvbox/Gruvbox-Minimalistic/ALLqk82.png
Preview successfully created: .preview/ALLqk82.png
Checking preview for: /home/iori/Pictures/Wallpapers/Gruvbox/Gruvbox-Minimalistic/PJbX0MG.png
Preview already exists: .preview/PJbX0MG.png
Checking preview for: /home/iori/Pictures/Wallpapers/Gruvbox/Gruvbox-Minimalistic/awesome.jpg
Creating preview for /home/iori/Pictures/Wallpapers/Gruvbox/Gruvbox-Minimalistic/awesome.jpg
Directory checked/created for .preview
Dimensions for /home/iori/Pictures/Wallpapers/Gruvbox/Gruvbox-Minimalistic/awesome.jpg: Width=2048, Height=1280
Processing file: /home/iori/Pictures/Wallpapers/Gruvbox/Gruvbox-Minimalistic/awesome.jpg
Preview successfully created: .preview/awesome.jpg
Checking preview for: /home/iori/Pictures/Wallpapers/Gruvbox/Gruvbox-Minimalistic/debian_grey_swirl.png
Creating preview for /home/iori/Pictures/Wallpapers/Gruvbox/Gruvbox-Minimalistic/debian_grey_swirl.png
Directory checked/created for .preview
Dimensions for /home/iori/Pictures/Wallpapers/Gruvbox/Gruvbox-Minimalistic/debian_grey_swirl.png: Width=1920, Height=1080
Processing file: /home/iori/Pictures/Wallpapers/Gruvbox/Gruvbox-Minimalistic/debian_grey_swirl.png
Preview successfully created: .preview/debian_grey_swirl.png
Checking preview for: /home/iori/Pictures/Wallpapers/Gruvbox/Gruvbox-Minimalistic/finalizer.png
Preview already exists: .preview/finalizer.png
Checking preview for: /home/iori/Pictures/Wallpapers/Gruvbox/Gruvbox-Minimalistic/firefox.png
Creating preview for /home/iori/Pictures/Wallpapers/Gruvbox/Gruvbox-Minimalistic/firefox.png
Directory checked/created for .preview
Dimensions for /home/iori/Pictures/Wallpapers/Gruvbox/Gruvbox-Minimalistic/firefox.png: Width=3840, Height=2160
Processing file: /home/iori/Pictures/Wallpapers/Gruvbox/Gruvbox-Minimalistic/firefox.png
Preview successfully created: .preview/firefox.png
Checking preview for: /home/iori/Pictures/Wallpapers/Gruvbox/Gruvbox-Minimalistic/great-wave-of-kanagawa-gruvbox.png
Creating preview for /home/iori/Pictures/Wallpapers/Gruvbox/Gruvbox-Minimalistic/great-wave-of-kanagawa-gruvbox.png
Directory checked/created for .preview
Dimensions for /home/iori/Pictures/Wallpapers/Gruvbox/Gruvbox-Minimalistic/great-wave-of-kanagawa-gruvbox.png: Width=2559, Height=1439
Processing file: /home/iori/Pictures/Wallpapers/Gruvbox/Gruvbox-Minimalistic/great-wave-of-kanagawa-gruvbox.png
Preview successfully created: .preview/great-wave-of-kanagawa-gruvbox.png
Checking preview for: /home/iori/Pictures/Wallpapers/Gruvbox/Gruvbox-Minimalistic/gruv.jpg
Creating preview for /home/iori/Pictures/Wallpapers/Gruvbox/Gruvbox-Minimalistic/gruv.jpg
Directory checked/created for .preview
Dimensions for /home/iori/Pictures/Wallpapers/Gruvbox/Gruvbox-Minimalistic/gruv.jpg: Width=3840, Height=2160
Processing file: /home/iori/Pictures/Wallpapers/Gruvbox/Gruvbox-Minimalistic/gruv.jpg
Preview successfully created: .preview/gruv.jpg
Checking preview for: /home/iori/Pictures/Wallpapers/Gruvbox/Gruvbox-Minimalistic/gruvb_solarsys.png
Preview already exists: .preview/gruvb_solarsys.png
Checking preview for: /home/iori/Pictures/Wallpapers/Gruvbox/Gruvbox-Minimalistic/gruvbox_astro.jpg
Creating preview for /home/iori/Pictures/Wallpapers/Gruvbox/Gruvbox-Minimalistic/gruvbox_astro.jpg
Directory checked/created for .preview
Dimensions for /home/iori/Pictures/Wallpapers/Gruvbox/Gruvbox-Minimalistic/gruvbox_astro.jpg: Width=3840, Height=2160
Processing file: /home/iori/Pictures/Wallpapers/Gruvbox/Gruvbox-Minimalistic/gruvbox_astro.jpg
Preview successfully created: .preview/gruvbox_astro.jpg
Checking preview for: /home/iori/Pictures/Wallpapers/Gruvbox/Gruvbox-Minimalistic/gruvbox_grid.png
Preview already exists: .preview/gruvbox_grid.png
Checking preview for: /home/iori/Pictures/Wallpapers/Gruvbox/Gruvbox-Minimalistic/gruvbox_minimal_space.png
Preview already exists: .preview/gruvbox_minimal_space.png
Checking preview for: /home/iori/Pictures/Wallpapers/Gruvbox/Gruvbox-Minimalistic/gruvbox_spac.jpg
Preview already exists: .preview/gruvbox_spac.jpg
Checking preview for: /home/iori/Pictures/Wallpapers/Gruvbox/Gruvbox-Minimalistic/gruvbox_void_linux.png
Creating preview for /home/iori/Pictures/Wallpapers/Gruvbox/Gruvbox-Minimalistic/gruvbox_void_linux.png
Directory checked/created for .preview
Dimensions for /home/iori/Pictures/Wallpapers/Gruvbox/Gruvbox-Minimalistic/gruvbox_void_linux.png: Width=3840, Height=2160
Processing file: /home/iori/Pictures/Wallpapers/Gruvbox/Gruvbox-Minimalistic/gruvbox_void_linux.png
Preview successfully created: .preview/gruvbox_void_linux.png
Checking preview for: /home/iori/Pictures/Wallpapers/Gruvbox/Gruvbox-Minimalistic/haz-mat.png
Preview already exists: .preview/haz-mat.png
Checking preview for: /home/iori/Pictures/Wallpapers/Gruvbox/Gruvbox-Minimalistic/pacman-ghosts.jpg
Preview already exists: .preview/pacman-ghosts.jpg
Checking preview for: /home/iori/Pictures/Wallpapers/Gruvbox/Gruvbox-Minimalistic/solar-system-minimal.png
Preview already exists: .preview/solar-system-minimal.png
Checking preview for: /home/iori/Pictures/Wallpapers/Gruvbox/Gruvbox-Minimalistic/sve.png
Preview already exists: .preview/sve.png
Checking preview for: /home/iori/Pictures/Wallpapers/Gruvbox/Gruvbox-Minimalistic/wp11058332.png
Creating preview for /home/iori/Pictures/Wallpapers/Gruvbox/Gruvbox-Minimalistic/wp11058332.png
Directory checked/created for .preview
Dimensions for /home/iori/Pictures/Wallpapers/Gruvbox/Gruvbox-Minimalistic/wp11058332.png: Width=3840, Height=2160
Processing file: /home/iori/Pictures/Wallpapers/Gruvbox/Gruvbox-Minimalistic/wp11058332.png
Preview successfully created: .preview/wp11058332.png
Checking preview for: /home/iori/Pictures/Wallpapers/Gruvbox/Gruvbox-Minimalistic/wp11058333.png
Preview already exists: .preview/wp11058333.png
Checking preview for: /home/iori/Pictures/Wallpapers/Gruvbox/Gruvbox-Minimalistic/gruvbox_Minimalistic-23.png
Preview already exists: .preview/gruvbox_Minimalistic-23.png
Checking preview for: /home/iori/Pictures/Wallpapers/Gruvbox/Gruvbox-Minimalistic/gruvbox_Minimalistic-22.png
Preview already exists: .preview/gruvbox_Minimalistic-22.png
Checking preview for: /home/iori/Pictures/Wallpapers/Gruvbox/Gruvbox-Minimalistic/gruvbox_Minimalistic-21.png
Preview already exists: .preview/gruvbox_Minimalistic-21.png
Checking preview for: /home/iori/Pictures/Wallpapers/Gruvbox/Gruvbox-Minimalistic/gruvbox_Minimalistic-19.png
Preview already exists: .preview/gruvbox_Minimalistic-19.png
Checking preview for: /home/iori/Pictures/Wallpapers/Gruvbox/Gruvbox-Minimalistic/gruvbox_Minimalistic-20.png
Preview already exists: .preview/gruvbox_Minimalistic-20.png
Checking preview for: /home/iori/Pictures/Wallpapers/Gruvbox/Gruvbox-Minimalistic/gruvbox_Minimalistic-18.png
Preview already exists: .preview/gruvbox_Minimalistic-18.png
Checking preview for: /home/iori/Pictures/Wallpapers/Gruvbox/Gruvbox-Minimalistic/gruvbox_Minimalistic-17.png
Preview already exists: .preview/gruvbox_Minimalistic-17.png
Checking preview for: /home/iori/Pictures/Wallpapers/Gruvbox/Gruvbox-Minimalistic/gruvbox_Minimalistic-16.png
Preview already exists: .preview/gruvbox_Minimalistic-16.png
Checking preview for: /home/iori/Pictures/Wallpapers/Gruvbox/Gruvbox-Minimalistic/gruvbox_Minimalistic-15.png
Preview already exists: .preview/gruvbox_Minimalistic-15.png
Checking preview for: /home/iori/Pictures/Wallpapers/Gruvbox/Gruvbox-Minimalistic/gruvbox_Minimalistic-14.png
Preview already exists: .preview/gruvbox_Minimalistic-14.png
Checking preview for: /home/iori/Pictures/Wallpapers/Gruvbox/Gruvbox-Minimalistic/gruvbox_Minimalistic-13.png
Preview already exists: .preview/gruvbox_Minimalistic-13.png
Checking preview for: /home/iori/Pictures/Wallpapers/Gruvbox/Gruvbox-Minimalistic/gruvbox_Minimalistic-12.png
Preview already exists: .preview/gruvbox_Minimalistic-12.png
Checking preview for: /home/iori/Pictures/Wallpapers/Gruvbox/Gruvbox-Minimalistic/gruvbox_Minimalistic-11.png
Preview already exists: .preview/gruvbox_Minimalistic-11.png
Checking preview for: /home/iori/Pictures/Wallpapers/Gruvbox/Gruvbox-Minimalistic/gruvbox_Minimalistic-10.png
Preview already exists: .preview/gruvbox_Minimalistic-10.png
Checking preview for: /home/iori/Pictures/Wallpapers/Gruvbox/Gruvbox-Minimalistic/gruvbox_Minimalistic-9.png
Preview already exists: .preview/gruvbox_Minimalistic-9.png
Checking preview for: /home/iori/Pictures/Wallpapers/Gruvbox/Gruvbox-Minimalistic/gruvbox_Minimalistic-8.png
Preview already exists: .preview/gruvbox_Minimalistic-8.png
Checking preview for: /home/iori/Pictures/Wallpapers/Gruvbox/Gruvbox-Minimalistic/gruvbox_Minimalistic-7.png
Preview already exists: .preview/gruvbox_Minimalistic-7.png
Checking preview for: /home/iori/Pictures/Wallpapers/Gruvbox/Gruvbox-Minimalistic/gruvbox_Minimalistic-6.png
Preview already exists: .preview/gruvbox_Minimalistic-6.png
Checking preview for: /home/iori/Pictures/Wallpapers/Gruvbox/Gruvbox-Minimalistic/gruvbox_Minimalistic-5.png
Preview already exists: .preview/gruvbox_Minimalistic-5.png
Checking preview for: /home/iori/Pictures/Wallpapers/Gruvbox/Gruvbox-Minimalistic/gruvbox_Minimalistic-4.png
Preview already exists: .preview/gruvbox_Minimalistic-4.png
Checking preview for: /home/iori/Pictures/Wallpapers/Gruvbox/Gruvbox-Minimalistic/gruvbox_Minimalistic-3.png
Preview already exists: .preview/gruvbox_Minimalistic-3.png
Checking preview for: /home/iori/Pictures/Wallpapers/Gruvbox/Gruvbox-Minimalistic/gruvbox_Minimalistic-2.png
Preview already exists: .preview/gruvbox_Minimalistic-2.png
Checking preview for: /home/iori/Pictures/Wallpapers/Gruvbox/Gruvbox-Minimalistic/gruvbox_Minimalistic-1.png
Preview already exists: .preview/gruvbox_Minimalistic-1.png
Checking preview for: /home/iori/Pictures/Wallpapers/Gruvbox/Gruvbox-Minimalistic/gruvbox_Minimalistic-0.png
Preview already exists: .preview/gruvbox_Minimalistic-0.png
Checking preview for: /home/iori/Pictures/Wallpapers/Gruvbox/Gruvbox-Minimalistic/gruvbox_live-laugh-love.jpg
Preview already exists: .preview/gruvbox_live-laugh-love.jpg
Checking preview for: /home/iori/Pictures/Wallpapers/Gruvbox/Gruvbox-mix/among-us.jpg
Creating preview for /home/iori/Pictures/Wallpapers/Gruvbox/Gruvbox-mix/among-us.jpg
Directory checked/created for .preview
Dimensions for /home/iori/Pictures/Wallpapers/Gruvbox/Gruvbox-mix/among-us.jpg: Width=960, Height=540
Processing file: /home/iori/Pictures/Wallpapers/Gruvbox/Gruvbox-mix/among-us.jpg
Preview successfully created: .preview/among-us.jpg
Checking preview for: /home/iori/Pictures/Wallpapers/Gruvbox/Gruvbox-mix/astronaut.jpg
Creating preview for /home/iori/Pictures/Wallpapers/Gruvbox/Gruvbox-mix/astronaut.jpg
Directory checked/created for .preview
Dimensions for /home/iori/Pictures/Wallpapers/Gruvbox/Gruvbox-mix/astronaut.jpg: Width=1920, Height=1080
Processing file: /home/iori/Pictures/Wallpapers/Gruvbox/Gruvbox-mix/astronaut.jpg
Preview successfully created: .preview/astronaut.jpg
Checking preview for: /home/iori/Pictures/Wallpapers/Gruvbox/Gruvbox-mix/chinatown.jpg
Creating preview for /home/iori/Pictures/Wallpapers/Gruvbox/Gruvbox-mix/chinatown.jpg
Directory checked/created for .preview
Dimensions for /home/iori/Pictures/Wallpapers/Gruvbox/Gruvbox-mix/chinatown.jpg: Width=2880, Height=1620
Processing file: /home/iori/Pictures/Wallpapers/Gruvbox/Gruvbox-mix/chinatown.jpg
Preview successfully created: .preview/chinatown.jpg
Checking preview for: /home/iori/Pictures/Wallpapers/Gruvbox/Gruvbox-mix/dalek.jpg
Creating preview for /home/iori/Pictures/Wallpapers/Gruvbox/Gruvbox-mix/dalek.jpg
Directory checked/created for .preview
Dimensions for /home/iori/Pictures/Wallpapers/Gruvbox/Gruvbox-mix/dalek.jpg: Width=2560, Height=1440
Processing file: /home/iori/Pictures/Wallpapers/Gruvbox/Gruvbox-mix/dalek.jpg
Preview successfully created: .preview/dalek.jpg
Checking preview for: /home/iori/Pictures/Wallpapers/Gruvbox/Gruvbox-mix/dead-robot.jpg
Creating preview for /home/iori/Pictures/Wallpapers/Gruvbox/Gruvbox-mix/dead-robot.jpg
Directory checked/created for .preview
Dimensions for /home/iori/Pictures/Wallpapers/Gruvbox/Gruvbox-mix/dead-robot.jpg: Width=1920, Height=1080
Processing file: /home/iori/Pictures/Wallpapers/Gruvbox/Gruvbox-mix/dead-robot.jpg
Preview successfully created: .preview/dead-robot.jpg
Checking preview for: /home/iori/Pictures/Wallpapers/Gruvbox/Gruvbox-mix/flower.jpg
Creating preview for /home/iori/Pictures/Wallpapers/Gruvbox/Gruvbox-mix/flower.jpg
Directory checked/created for .preview
Dimensions for /home/iori/Pictures/Wallpapers/Gruvbox/Gruvbox-mix/flower.jpg: Width=2667, Height=1500
Processing file: /home/iori/Pictures/Wallpapers/Gruvbox/Gruvbox-mix/flower.jpg
Preview successfully created: .preview/flower.jpg
Checking preview for: /home/iori/Pictures/Wallpapers/Gruvbox/Gruvbox-mix/future-town.jpg
Creating preview for /home/iori/Pictures/Wallpapers/Gruvbox/Gruvbox-mix/future-town.jpg
Directory checked/created for .preview
Dimensions for /home/iori/Pictures/Wallpapers/Gruvbox/Gruvbox-mix/future-town.jpg: Width=2560, Height=1600
Processing file: /home/iori/Pictures/Wallpapers/Gruvbox/Gruvbox-mix/future-town.jpg
Preview successfully created: .preview/future-town.jpg
Checking preview for: /home/iori/Pictures/Wallpapers/Gruvbox/Gruvbox-mix/futurism.jpg
Preview already exists: .preview/futurism.jpg
Checking preview for: /home/iori/Pictures/Wallpapers/Gruvbox/Gruvbox-mix/greek.jpg
Creating preview for /home/iori/Pictures/Wallpapers/Gruvbox/Gruvbox-mix/greek.jpg
Directory checked/created for .preview
Dimensions for /home/iori/Pictures/Wallpapers/Gruvbox/Gruvbox-mix/greek.jpg: Width=1919, Height=1079
Processing file: /home/iori/Pictures/Wallpapers/Gruvbox/Gruvbox-mix/greek.jpg
Preview successfully created: .preview/greek.jpg
Checking preview for: /home/iori/Pictures/Wallpapers/Gruvbox/Gruvbox-mix/gruv-material.png
Creating preview for /home/iori/Pictures/Wallpapers/Gruvbox/Gruvbox-mix/gruv-material.png
Directory checked/created for .preview
Dimensions for /home/iori/Pictures/Wallpapers/Gruvbox/Gruvbox-mix/gruv-material.png: Width=3840, Height=2160
Processing file: /home/iori/Pictures/Wallpapers/Gruvbox/Gruvbox-mix/gruv-material.png
Preview successfully created: .preview/gruv-material.png
Checking preview for: /home/iori/Pictures/Wallpapers/Gruvbox/Gruvbox-mix/gruv-sushi-streets.jpg
Preview already exists: .preview/gruv-sushi-streets.jpg
Checking preview for: /home/iori/Pictures/Wallpapers/Gruvbox/Gruvbox-mix/gruvb99810.png
Creating preview for /home/iori/Pictures/Wallpapers/Gruvbox/Gruvbox-mix/gruvb99810.png
Directory checked/created for .preview
Dimensions for /home/iori/Pictures/Wallpapers/Gruvbox/Gruvbox-mix/gruvb99810.png: Width=3840, Height=2160
Processing file: /home/iori/Pictures/Wallpapers/Gruvbox/Gruvbox-mix/gruvb99810.png
Preview successfully created: .preview/gruvb99810.png
Checking preview for: /home/iori/Pictures/Wallpapers/Gruvbox/Gruvbox-mix/gruvbox15.png
Creating preview for /home/iori/Pictures/Wallpapers/Gruvbox/Gruvbox-mix/gruvbox15.png
Directory checked/created for .preview
Dimensions for /home/iori/Pictures/Wallpapers/Gruvbox/Gruvbox-mix/gruvbox15.png: Width=3360, Height=2100
Processing file: /home/iori/Pictures/Wallpapers/Gruvbox/Gruvbox-mix/gruvbox15.png
Preview successfully created: .preview/gruvbox15.png
Checking preview for: /home/iori/Pictures/Wallpapers/Gruvbox/Gruvbox-mix/gruvy.jpg
Creating preview for /home/iori/Pictures/Wallpapers/Gruvbox/Gruvbox-mix/gruvy.jpg
Directory checked/created for .preview
Dimensions for /home/iori/Pictures/Wallpapers/Gruvbox/Gruvbox-mix/gruvy.jpg: Width=1920, Height=1080
Processing file: /home/iori/Pictures/Wallpapers/Gruvbox/Gruvbox-mix/gruvy.jpg
Preview successfully created: .preview/gruvy.jpg
Checking preview for: /home/iori/Pictures/Wallpapers/Gruvbox/Gruvbox-mix/hotline-miami.jpg
Creating preview for /home/iori/Pictures/Wallpapers/Gruvbox/Gruvbox-mix/hotline-miami.jpg
Directory checked/created for .preview
Dimensions for /home/iori/Pictures/Wallpapers/Gruvbox/Gruvbox-mix/hotline-miami.jpg: Width=3840, Height=2160
Processing file: /home/iori/Pictures/Wallpapers/Gruvbox/Gruvbox-mix/hotline-miami.jpg
Preview successfully created: .preview/hotline-miami.jpg
Checking preview for: /home/iori/Pictures/Wallpapers/Gruvbox/Gruvbox-mix/houses.jpg
Creating preview for /home/iori/Pictures/Wallpapers/Gruvbox/Gruvbox-mix/houses.jpg
Directory checked/created for .preview
